<?xml version="1.0" encoding="UTF-8"?>
<!-- Generated by org.testng.reporters.JUnitReportReporter -->
<testsuite hostname="W10NB0034" failures="0" tests="2" name="Tes1.Validationcheck" time="17.010" errors="0" timestamp="2020-11-11T14:24:30 EST" skipped="0">
  <testcase classname="Tes1.Validationcheck" name="LaunchBrowser" time="16.936"/>
  <system-out/>
  <testcase classname="Tes1.Validationcheck" name="verifyHomePageTitle" time="0.074"/>
  <system-out/>
</testsuite> <!-- Tes1.Validationcheck -->
